<?xml version="1.0" encoding="UTF-8"?>
<testng-results skipped="0" failed="0" total="1" passed="1">
  <reporter-output>
  </reporter-output>
  <suite name="Default suite" duration-ms="6196" started-at="2020-01-28T13:37:54Z" finished-at="2020-01-28T13:38:00Z">
    <groups>
    </groups>
    <test name="Default test" duration-ms="6196" started-at="2020-01-28T13:37:54Z" finished-at="2020-01-28T13:38:00Z">
      <class name="unify_qa_testcases.Org_contactspagetest">
        <test-method status="PASS" signature="setUp()[pri:0, instance:unify_qa_testcases.Org_contactspagetest@28feb3fa]" name="setUp" is-config="true" duration-ms="5220" started-at="2020-01-28T19:07:54Z" finished-at="2020-01-28T19:07:59Z">
          <reporter-output>
          </reporter-output>
        </test-method> <!-- setUp -->
        <test-method status="PASS" signature="createOrg()[pri:0, instance:unify_qa_testcases.Org_contactspagetest@28feb3fa]" name="createOrg" duration-ms="964" started-at="2020-01-28T19:07:59Z" finished-at="2020-01-28T19:08:00Z">
          <reporter-output>
          </reporter-output>
        </test-method> <!-- createOrg -->
      </class> <!-- unify_qa_testcases.Org_contactspagetest -->
    </test> <!-- Default test -->
  </suite> <!-- Default suite -->
</testng-results>
